{"D:\\mary\\AI\\sw2-main-main (1)\\sw2-main-main\\sw2-main\\routes\\app.js": {"path":"D:\\mary\\AI\\sw2-main-main (1)\\sw2-main-main\\sw2-main\\routes\\app.js","statementMap":{"0":{"start":{"line":2,"column":16},"end":{"line":2,"column":34}},"1":{"start":{"line":3,"column":15},"end":{"line":3,"column":32}},"2":{"start":{"line":4,"column":13},"end":{"line":4,"column":28}},"3":{"start":{"line":5,"column":19},"end":{"line":5,"column":36}},"4":{"start":{"line":6,"column":37},"end":{"line":6,"column":76}},"5":{"start":{"line":7,"column":15},"end":{"line":7,"column":32}},"6":{"start":{"line":9,"column":0},"end":{"line":9,"column":16}},"7":{"start":{"line":11,"column":12},"end":{"line":11,"column":21}},"8":{"start":{"line":14,"column":0},"end":{"line":14,"column":24}},"9":{"start":{"line":15,"column":0},"end":{"line":15,"column":49}},"10":{"start":{"line":16,"column":0},"end":{"line":16,"column":18}},"11":{"start":{"line":19,"column":0},"end":{"line":27,"column":3}},"12":{"start":{"line":20,"column":2},"end":{"line":25,"column":4}},"13":{"start":{"line":26,"column":2},"end":{"line":26,"column":9}},"14":{"start":{"line":30,"column":0},"end":{"line":33,"column":3}},"15":{"start":{"line":31,"column":2},"end":{"line":31,"column":53}},"16":{"start":{"line":32,"column":2},"end":{"line":32,"column":9}},"17":{"start":{"line":36,"column":0},"end":{"line":36,"column":56}},"18":{"start":{"line":37,"column":0},"end":{"line":37,"column":76}},"19":{"start":{"line":40,"column":0},"end":{"line":40,"column":33}},"20":{"start":{"line":41,"column":0},"end":{"line":41,"column":45}},"21":{"start":{"line":42,"column":0},"end":{"line":42,"column":47}},"22":{"start":{"line":45,"column":0},"end":{"line":47,"column":3}},"23":{"start":{"line":46,"column":2},"end":{"line":46,"column":38}},"24":{"start":{"line":50,"column":0},"end":{"line":52,"column":3}},"25":{"start":{"line":51,"column":2},"end":{"line":51,"column":44}},"26":{"start":{"line":55,"column":0},"end":{"line":57,"column":3}},"27":{"start":{"line":56,"column":2},"end":{"line":56,"column":61}},"28":{"start":{"line":59,"column":0},"end":{"line":59,"column":21}}},"fnMap":{"0":{"name":"(anonymous_0)","decl":{"start":{"line":19,"column":8},"end":{"line":19,"column":9}},"loc":{"start":{"line":19,"column":28},"end":{"line":27,"column":1}},"line":19},"1":{"name":"(anonymous_1)","decl":{"start":{"line":30,"column":8},"end":{"line":30,"column":9}},"loc":{"start":{"line":30,"column":28},"end":{"line":33,"column":1}},"line":30},"2":{"name":"(anonymous_2)","decl":{"start":{"line":45,"column":41},"end":{"line":45,"column":42}},"loc":{"start":{"line":45,"column":55},"end":{"line":47,"column":1}},"line":45},"3":{"name":"(anonymous_3)","decl":{"start":{"line":50,"column":59},"end":{"line":50,"column":60}},"loc":{"start":{"line":50,"column":73},"end":{"line":52,"column":1}},"line":50},"4":{"name":"(anonymous_4)","decl":{"start":{"line":55,"column":13},"end":{"line":55,"column":14}},"loc":{"start":{"line":55,"column":27},"end":{"line":57,"column":1}},"line":55}},"branchMap":{},"s":{"0":1,"1":1,"2":1,"3":1,"4":1,"5":1,"6":1,"7":1,"8":1,"9":1,"10":1,"11":1,"12":8,"13":8,"14":1,"15":8,"16":8,"17":1,"18":1,"19":1,"20":1,"21":1,"22":1,"23":3,"24":1,"25":1,"26":1,"27":1,"28":1},"f":{"0":8,"1":8,"2":3,"3":1,"4":1},"b":{},"_coverageSchema":"1a1c01bbd47fc00a2c39e90264f33305004495a9","hash":"d21a0ce7c9e0b69e153e9f5133cf7810cf0b18b1"}
,"D:\\mary\\AI\\sw2-main-main (1)\\sw2-main-main\\sw2-main\\routes\\auth.js": {"path":"D:\\mary\\AI\\sw2-main-main (1)\\sw2-main-main\\sw2-main\\routes\\auth.js","statementMap":{"0":{"start":{"line":1,"column":16},"end":{"line":1,"column":34}},"1":{"start":{"line":2,"column":15},"end":{"line":2,"column":31}},"2":{"start":{"line":3,"column":15},"end":{"line":3,"column":34}},"3":{"start":{"line":4,"column":12},"end":{"line":4,"column":35}},"4":{"start":{"line":5,"column":18},"end":{"line":5,"column":38}},"5":{"start":{"line":6,"column":18},"end":{"line":6,"column":47}},"6":{"start":{"line":7,"column":13},"end":{"line":7,"column":38}},"7":{"start":{"line":8,"column":0},"end":{"line":8,"column":27}},"8":{"start":{"line":11,"column":21},"end":{"line":16,"column":2}},"9":{"start":{"line":19,"column":0},"end":{"line":62,"column":3}},"10":{"start":{"line":20,"column":2},"end":{"line":61,"column":3}},"11":{"start":{"line":21,"column":53},"end":{"line":21,"column":61}},"12":{"start":{"line":23,"column":4},"end":{"line":25,"column":5}},"13":{"start":{"line":24,"column":6},"end":{"line":24,"column":73}},"14":{"start":{"line":27,"column":4},"end":{"line":35,"column":5}},"15":{"start":{"line":34,"column":6},"end":{"line":34,"column":67}},"16":{"start":{"line":37,"column":25},"end":{"line":37,"column":54}},"17":{"start":{"line":38,"column":4},"end":{"line":40,"column":5}},"18":{"start":{"line":39,"column":6},"end":{"line":39,"column":66}},"19":{"start":{"line":42,"column":27},"end":{"line":42,"column":58}},"20":{"start":{"line":44,"column":20},"end":{"line":50,"column":6}},"21":{"start":{"line":52,"column":4},"end":{"line":52,"column":25}},"22":{"start":{"line":54,"column":18},"end":{"line":54,"column":106}},"23":{"start":{"line":56,"column":4},"end":{"line":56,"column":73}},"24":{"start":{"line":59,"column":4},"end":{"line":59,"column":48}},"25":{"start":{"line":60,"column":4},"end":{"line":60,"column":106}},"26":{"start":{"line":65,"column":0},"end":{"line":92,"column":3}},"27":{"start":{"line":66,"column":2},"end":{"line":91,"column":3}},"28":{"start":{"line":67,"column":32},"end":{"line":67,"column":40}},"29":{"start":{"line":69,"column":17},"end":{"line":69,"column":61}},"30":{"start":{"line":70,"column":4},"end":{"line":72,"column":5}},"31":{"start":{"line":71,"column":6},"end":{"line":71,"column":66}},"32":{"start":{"line":74,"column":20},"end":{"line":74,"column":65}},"33":{"start":{"line":75,"column":4},"end":{"line":77,"column":5}},"34":{"start":{"line":76,"column":6},"end":{"line":76,"column":66}},"35":{"start":{"line":79,"column":17},"end":{"line":79,"column":69}},"36":{"start":{"line":80,"column":18},"end":{"line":80,"column":95}},"37":{"start":{"line":82,"column":4},"end":{"line":87,"column":7}},"38":{"start":{"line":89,"column":4},"end":{"line":89,"column":41}},"39":{"start":{"line":90,"column":4},"end":{"line":90,"column":72}},"40":{"start":{"line":94,"column":0},"end":{"line":94,"column":24}}},"fnMap":{"0":{"name":"(anonymous_0)","decl":{"start":{"line":19,"column":25},"end":{"line":19,"column":26}},"loc":{"start":{"line":19,"column":45},"end":{"line":62,"column":1}},"line":19},"1":{"name":"(anonymous_1)","decl":{"start":{"line":65,"column":36},"end":{"line":65,"column":37}},"loc":{"start":{"line":65,"column":56},"end":{"line":92,"column":1}},"line":65}},"branchMap":{"0":{"loc":{"start":{"line":23,"column":4},"end":{"line":25,"column":5}},"type":"if","locations":[{"start":{"line":23,"column":4},"end":{"line":25,"column":5}},{"start":{},"end":{}}],"line":23},"1":{"loc":{"start":{"line":23,"column":8},"end":{"line":23,"column":75}},"type":"binary-expr","locations":[{"start":{"line":23,"column":8},"end":{"line":23,"column":33}},{"start":{"line":23,"column":37},"end":{"line":23,"column":75}}],"line":23},"2":{"loc":{"start":{"line":27,"column":4},"end":{"line":35,"column":5}},"type":"if","locations":[{"start":{"line":27,"column":4},"end":{"line":35,"column":5}},{"start":{},"end":{}}],"line":27},"3":{"loc":{"start":{"line":28,"column":6},"end":{"line":32,"column":34}},"type":"binary-expr","locations":[{"start":{"line":28,"column":6},"end":{"line":28,"column":25}},{"start":{"line":29,"column":6},"end":{"line":29,"column":29}},{"start":{"line":30,"column":6},"end":{"line":30,"column":29}},{"start":{"line":31,"column":6},"end":{"line":31,"column":29}},{"start":{"line":32,"column":6},"end":{"line":32,"column":34}}],"line":28},"4":{"loc":{"start":{"line":38,"column":4},"end":{"line":40,"column":5}},"type":"if","locations":[{"start":{"line":38,"column":4},"end":{"line":40,"column":5}},{"start":{},"end":{}}],"line":38},"5":{"loc":{"start":{"line":70,"column":4},"end":{"line":72,"column":5}},"type":"if","locations":[{"start":{"line":70,"column":4},"end":{"line":72,"column":5}},{"start":{},"end":{}}],"line":70},"6":{"loc":{"start":{"line":75,"column":4},"end":{"line":77,"column":5}},"type":"if","locations":[{"start":{"line":75,"column":4},"end":{"line":77,"column":5}},{"start":{},"end":{}}],"line":75},"7":{"loc":{"start":{"line":79,"column":17},"end":{"line":79,"column":69}},"type":"cond-expr","locations":[{"start":{"line":79,"column":53},"end":{"line":79,"column":60}},{"start":{"line":79,"column":63},"end":{"line":79,"column":69}}],"line":79}},"s":{"0":2,"1":2,"2":2,"3":2,"4":2,"5":2,"6":2,"7":2,"8":2,"9":2,"10":8,"11":8,"12":8,"13":1,"14":7,"15":1,"16":6,"17":6,"18":1,"19":5,"20":5,"21":5,"22":4,"23":4,"24":1,"25":1,"26":2,"27":5,"28":5,"29":5,"30":4,"31":1,"32":3,"33":3,"34":1,"35":2,"36":2,"37":2,"38":1,"39":1,"40":2},"f":{"0":8,"1":5},"b":{"0":[1,7],"1":[8,7],"2":[1,6],"3":[7,6,6,6,6],"4":[1,5],"5":[1,3],"6":[1,2],"7":[1,1]},"_coverageSchema":"1a1c01bbd47fc00a2c39e90264f33305004495a9","hash":"e45edf74babaedbe6c0c264fed0e556ca81085d1"}
,"D:\\mary\\AI\\sw2-main-main (1)\\sw2-main-main\\sw2-main\\routes\\cartRoute.js": {"path":"D:\\mary\\AI\\sw2-main-main (1)\\sw2-main-main\\sw2-main\\routes\\cartRoute.js","statementMap":{"0":{"start":{"line":1,"column":16},"end":{"line":1,"column":34}},"1":{"start":{"line":2,"column":15},"end":{"line":2,"column":31}},"2":{"start":{"line":3,"column":47},"end":{"line":3,"column":80}},"3":{"start":{"line":5,"column":0},"end":{"line":12,"column":3}},"4":{"start":{"line":6,"column":2},"end":{"line":11,"column":3}},"5":{"start":{"line":7,"column":17},"end":{"line":7,"column":42}},"6":{"start":{"line":8,"column":4},"end":{"line":8,"column":82}},"7":{"start":{"line":10,"column":4},"end":{"line":10,"column":53}},"8":{"start":{"line":14,"column":0},"end":{"line":21,"column":3}},"9":{"start":{"line":15,"column":2},"end":{"line":20,"column":3}},"10":{"start":{"line":16,"column":17},"end":{"line":16,"column":49}},"11":{"start":{"line":17,"column":4},"end":{"line":17,"column":35}},"12":{"start":{"line":19,"column":4},"end":{"line":19,"column":53}},"13":{"start":{"line":23,"column":0},"end":{"line":30,"column":3}},"14":{"start":{"line":24,"column":2},"end":{"line":29,"column":3}},"15":{"start":{"line":25,"column":17},"end":{"line":25,"column":74}},"16":{"start":{"line":26,"column":4},"end":{"line":26,"column":73}},"17":{"start":{"line":28,"column":4},"end":{"line":28,"column":53}},"18":{"start":{"line":32,"column":0},"end":{"line":32,"column":24}}},"fnMap":{"0":{"name":"(anonymous_0)","decl":{"start":{"line":5,"column":20},"end":{"line":5,"column":21}},"loc":{"start":{"line":5,"column":40},"end":{"line":12,"column":1}},"line":5},"1":{"name":"(anonymous_1)","decl":{"start":{"line":14,"column":23},"end":{"line":14,"column":24}},"loc":{"start":{"line":14,"column":43},"end":{"line":21,"column":1}},"line":14},"2":{"name":"(anonymous_2)","decl":{"start":{"line":23,"column":25},"end":{"line":23,"column":26}},"loc":{"start":{"line":23,"column":45},"end":{"line":30,"column":1}},"line":23}},"branchMap":{},"s":{"0":2,"1":2,"2":2,"3":2,"4":2,"5":2,"6":1,"7":1,"8":2,"9":2,"10":2,"11":1,"12":1,"13":2,"14":2,"15":2,"16":1,"17":1,"18":2},"f":{"0":2,"1":2,"2":2},"b":{},"_coverageSchema":"1a1c01bbd47fc00a2c39e90264f33305004495a9","hash":"0ca0b02b84ce0213da3b3c04f6abdaca8664f44f"}
,"D:\\mary\\AI\\sw2-main-main (1)\\sw2-main-main\\sw2-main\\routes\\product.js": {"path":"D:\\mary\\AI\\sw2-main-main (1)\\sw2-main-main\\sw2-main\\routes\\product.js","statementMap":{"0":{"start":{"line":2,"column":16},"end":{"line":2,"column":34}},"1":{"start":{"line":3,"column":15},"end":{"line":3,"column":32}},"2":{"start":{"line":4,"column":13},"end":{"line":4,"column":28}},"3":{"start":{"line":5,"column":16},"end":{"line":5,"column":44}},"4":{"start":{"line":6,"column":15},"end":{"line":6,"column":31}},"5":{"start":{"line":9,"column":16},"end":{"line":18,"column":2}},"6":{"start":{"line":11,"column":4},"end":{"line":11,"column":32}},"7":{"start":{"line":14,"column":16},"end":{"line":14,"column":47}},"8":{"start":{"line":15,"column":21},"end":{"line":15,"column":37}},"9":{"start":{"line":16,"column":4},"end":{"line":16,"column":23}},"10":{"start":{"line":20,"column":15},"end":{"line":20,"column":34}},"11":{"start":{"line":23,"column":0},"end":{"line":42,"column":3}},"12":{"start":{"line":24,"column":2},"end":{"line":41,"column":3}},"13":{"start":{"line":25,"column":51},"end":{"line":25,"column":59}},"14":{"start":{"line":26,"column":18},"end":{"line":26,"column":65}},"15":{"start":{"line":28,"column":23},"end":{"line":34,"column":6}},"16":{"start":{"line":36,"column":4},"end":{"line":36,"column":28}},"17":{"start":{"line":37,"column":4},"end":{"line":37,"column":85}},"18":{"start":{"line":39,"column":4},"end":{"line":39,"column":48}},"19":{"start":{"line":40,"column":4},"end":{"line":40,"column":50}},"20":{"start":{"line":45,"column":0},"end":{"line":53,"column":3}},"21":{"start":{"line":46,"column":2},"end":{"line":52,"column":3}},"22":{"start":{"line":47,"column":21},"end":{"line":47,"column":41}},"23":{"start":{"line":48,"column":4},"end":{"line":48,"column":23}},"24":{"start":{"line":50,"column":4},"end":{"line":50,"column":51}},"25":{"start":{"line":51,"column":4},"end":{"line":51,"column":50}},"26":{"start":{"line":56,"column":0},"end":{"line":83,"column":3}},"27":{"start":{"line":57,"column":2},"end":{"line":82,"column":3}},"28":{"start":{"line":58,"column":51},"end":{"line":58,"column":59}},"29":{"start":{"line":59,"column":18},"end":{"line":59,"column":67}},"30":{"start":{"line":62,"column":25},"end":{"line":62,"column":63}},"31":{"start":{"line":63,"column":4},"end":{"line":65,"column":5}},"32":{"start":{"line":64,"column":6},"end":{"line":64,"column":33}},"33":{"start":{"line":68,"column":27},"end":{"line":72,"column":5}},"34":{"start":{"line":74,"column":4},"end":{"line":76,"column":5}},"35":{"start":{"line":75,"column":6},"end":{"line":75,"column":64}},"36":{"start":{"line":78,"column":4},"end":{"line":78,"column":79}},"37":{"start":{"line":80,"column":4},"end":{"line":80,"column":50}},"38":{"start":{"line":81,"column":4},"end":{"line":81,"column":50}},"39":{"start":{"line":86,"column":0},"end":{"line":97,"column":3}},"40":{"start":{"line":87,"column":2},"end":{"line":96,"column":3}},"41":{"start":{"line":88,"column":19},"end":{"line":88,"column":65}},"42":{"start":{"line":89,"column":4},"end":{"line":91,"column":5}},"43":{"start":{"line":90,"column":6},"end":{"line":90,"column":64}},"44":{"start":{"line":92,"column":4},"end":{"line":92,"column":54}},"45":{"start":{"line":94,"column":4},"end":{"line":94,"column":50}},"46":{"start":{"line":95,"column":4},"end":{"line":95,"column":50}},"47":{"start":{"line":99,"column":0},"end":{"line":99,"column":24}}},"fnMap":{"0":{"name":"(anonymous_0)","decl":{"start":{"line":10,"column":15},"end":{"line":10,"column":16}},"loc":{"start":{"line":10,"column":40},"end":{"line":12,"column":3}},"line":10},"1":{"name":"(anonymous_1)","decl":{"start":{"line":13,"column":12},"end":{"line":13,"column":13}},"loc":{"start":{"line":13,"column":37},"end":{"line":17,"column":3}},"line":13},"2":{"name":"(anonymous_2)","decl":{"start":{"line":23,"column":44},"end":{"line":23,"column":45}},"loc":{"start":{"line":23,"column":64},"end":{"line":42,"column":1}},"line":23},"3":{"name":"(anonymous_3)","decl":{"start":{"line":45,"column":16},"end":{"line":45,"column":17}},"loc":{"start":{"line":45,"column":36},"end":{"line":53,"column":1}},"line":45},"4":{"name":"(anonymous_4)","decl":{"start":{"line":56,"column":43},"end":{"line":56,"column":44}},"loc":{"start":{"line":56,"column":63},"end":{"line":83,"column":1}},"line":56},"5":{"name":"(anonymous_5)","decl":{"start":{"line":86,"column":22},"end":{"line":86,"column":23}},"loc":{"start":{"line":86,"column":42},"end":{"line":97,"column":1}},"line":86}},"branchMap":{"0":{"loc":{"start":{"line":26,"column":18},"end":{"line":26,"column":65}},"type":"cond-expr","locations":[{"start":{"line":26,"column":29},"end":{"line":26,"column":60}},{"start":{"line":26,"column":63},"end":{"line":26,"column":65}}],"line":26},"1":{"loc":{"start":{"line":59,"column":18},"end":{"line":59,"column":67}},"type":"cond-expr","locations":[{"start":{"line":59,"column":29},"end":{"line":59,"column":60}},{"start":{"line":59,"column":63},"end":{"line":59,"column":67}}],"line":59},"2":{"loc":{"start":{"line":63,"column":4},"end":{"line":65,"column":5}},"type":"if","locations":[{"start":{"line":63,"column":4},"end":{"line":65,"column":5}},{"start":{},"end":{}}],"line":63},"3":{"loc":{"start":{"line":74,"column":4},"end":{"line":76,"column":5}},"type":"if","locations":[{"start":{"line":74,"column":4},"end":{"line":76,"column":5}},{"start":{},"end":{}}],"line":74},"4":{"loc":{"start":{"line":89,"column":4},"end":{"line":91,"column":5}},"type":"if","locations":[{"start":{"line":89,"column":4},"end":{"line":91,"column":5}},{"start":{},"end":{}}],"line":89}},"s":{"0":2,"1":2,"2":2,"3":2,"4":2,"5":2,"6":2,"7":2,"8":2,"9":2,"10":2,"11":2,"12":3,"13":3,"14":3,"15":3,"16":3,"17":2,"18":1,"19":1,"20":2,"21":2,"22":2,"23":1,"24":1,"25":1,"26":2,"27":4,"28":4,"29":4,"30":4,"31":4,"32":1,"33":4,"34":3,"35":1,"36":2,"37":1,"38":1,"39":2,"40":3,"41":3,"42":2,"43":1,"44":1,"45":1,"46":1,"47":2},"f":{"0":2,"1":2,"2":3,"3":2,"4":4,"5":3},"b":{"0":[1,2],"1":[1,3],"2":[1,3],"3":[1,2],"4":[1,1]},"_coverageSchema":"1a1c01bbd47fc00a2c39e90264f33305004495a9","hash":"1a195a51baa633ca727bf1ec39d429423767c4c1"}
,"D:\\mary\\AI\\sw2-main-main (1)\\sw2-main-main\\sw2-main\\routes\\middlewares\\authMiddleware.js": {"path":"D:\\mary\\AI\\sw2-main-main (1)\\sw2-main-main\\sw2-main\\routes\\middlewares\\authMiddleware.js","statementMap":{"0":{"start":{"line":1,"column":12},"end":{"line":1,"column":35}},"1":{"start":{"line":4,"column":22},"end":{"line":25,"column":1}},"2":{"start":{"line":5,"column":21},"end":{"line":5,"column":49}},"3":{"start":{"line":8,"column":2},"end":{"line":10,"column":3}},"4":{"start":{"line":9,"column":4},"end":{"line":9,"column":75}},"5":{"start":{"line":12,"column":16},"end":{"line":12,"column":40}},"6":{"start":{"line":14,"column":2},"end":{"line":24,"column":3}},"7":{"start":{"line":15,"column":20},"end":{"line":15,"column":61}},"8":{"start":{"line":16,"column":4},"end":{"line":18,"column":5}},"9":{"start":{"line":17,"column":6},"end":{"line":17,"column":65}},"10":{"start":{"line":20,"column":4},"end":{"line":20,"column":23}},"11":{"start":{"line":21,"column":4},"end":{"line":21,"column":11}},"12":{"start":{"line":23,"column":4},"end":{"line":23,"column":56}},"13":{"start":{"line":28,"column":18},"end":{"line":35,"column":1}},"14":{"start":{"line":29,"column":2},"end":{"line":34,"column":4}},"15":{"start":{"line":30,"column":4},"end":{"line":32,"column":5}},"16":{"start":{"line":31,"column":6},"end":{"line":31,"column":56}},"17":{"start":{"line":33,"column":4},"end":{"line":33,"column":11}},"18":{"start":{"line":37,"column":0},"end":{"line":37,"column":46}}},"fnMap":{"0":{"name":"(anonymous_0)","decl":{"start":{"line":4,"column":22},"end":{"line":4,"column":23}},"loc":{"start":{"line":4,"column":42},"end":{"line":25,"column":1}},"line":4},"1":{"name":"(anonymous_1)","decl":{"start":{"line":28,"column":18},"end":{"line":28,"column":19}},"loc":{"start":{"line":28,"column":29},"end":{"line":35,"column":1}},"line":28},"2":{"name":"(anonymous_2)","decl":{"start":{"line":29,"column":9},"end":{"line":29,"column":10}},"loc":{"start":{"line":29,"column":29},"end":{"line":34,"column":3}},"line":29}},"branchMap":{"0":{"loc":{"start":{"line":8,"column":2},"end":{"line":10,"column":3}},"type":"if","locations":[{"start":{"line":8,"column":2},"end":{"line":10,"column":3}},{"start":{},"end":{}}],"line":8},"1":{"loc":{"start":{"line":8,"column":6},"end":{"line":8,"column":54}},"type":"binary-expr","locations":[{"start":{"line":8,"column":6},"end":{"line":8,"column":17}},{"start":{"line":8,"column":21},"end":{"line":8,"column":54}}],"line":8},"2":{"loc":{"start":{"line":16,"column":4},"end":{"line":18,"column":5}},"type":"if","locations":[{"start":{"line":16,"column":4},"end":{"line":18,"column":5}},{"start":{},"end":{}}],"line":16},"3":{"loc":{"start":{"line":16,"column":8},"end":{"line":16,"column":31}},"type":"binary-expr","locations":[{"start":{"line":16,"column":8},"end":{"line":16,"column":16}},{"start":{"line":16,"column":20},"end":{"line":16,"column":31}}],"line":16},"4":{"loc":{"start":{"line":30,"column":4},"end":{"line":32,"column":5}},"type":"if","locations":[{"start":{"line":30,"column":4},"end":{"line":32,"column":5}},{"start":{},"end":{}}],"line":30}},"s":{"0":2,"1":2,"2":10,"3":10,"4":2,"5":8,"6":8,"7":8,"8":7,"9":1,"10":6,"11":6,"12":1,"13":2,"14":3,"15":4,"16":2,"17":2,"18":2},"f":{"0":10,"1":3,"2":4},"b":{"0":[2,8],"1":[10,8],"2":[1,6],"3":[7,7],"4":[2,2]},"_coverageSchema":"1a1c01bbd47fc00a2c39e90264f33305004495a9","hash":"7844e6e391bf011c70b4a1ac2d1d291da7719d7c"}
,"D:\\mary\\AI\\sw2-main-main (1)\\sw2-main-main\\sw2-main\\routes\\models\\Admin.js": {"path":"D:\\mary\\AI\\sw2-main-main (1)\\sw2-main-main\\sw2-main\\routes\\models\\Admin.js","statementMap":{"0":{"start":{"line":1,"column":17},"end":{"line":1,"column":36}},"1":{"start":{"line":2,"column":15},"end":{"line":2,"column":32}},"2":{"start":{"line":4,"column":20},"end":{"line":7,"column":2}},"3":{"start":{"line":10,"column":0},"end":{"line":14,"column":3}},"4":{"start":{"line":11,"column":2},"end":{"line":11,"column":50}},"5":{"start":{"line":11,"column":36},"end":{"line":11,"column":50}},"6":{"start":{"line":12,"column":2},"end":{"line":12,"column":55}},"7":{"start":{"line":13,"column":2},"end":{"line":13,"column":9}},"8":{"start":{"line":16,"column":0},"end":{"line":16,"column":54}}},"fnMap":{"0":{"name":"(anonymous_0)","decl":{"start":{"line":10,"column":24},"end":{"line":10,"column":25}},"loc":{"start":{"line":10,"column":46},"end":{"line":14,"column":1}},"line":10}},"branchMap":{"0":{"loc":{"start":{"line":11,"column":2},"end":{"line":11,"column":50}},"type":"if","locations":[{"start":{"line":11,"column":2},"end":{"line":11,"column":50}},{"start":{},"end":{}}],"line":11}},"s":{"0":1,"1":1,"2":1,"3":1,"4":3,"5":1,"6":2,"7":2,"8":1},"f":{"0":3},"b":{"0":[1,2]},"_coverageSchema":"1a1c01bbd47fc00a2c39e90264f33305004495a9","hash":"d4734419d2b9b21136032fc27e3625284e4aeea5"}
,"D:\\mary\\AI\\sw2-main-main (1)\\sw2-main-main\\sw2-main\\routes\\models\\cart.js": {"path":"D:\\mary\\AI\\sw2-main-main (1)\\sw2-main-main\\sw2-main\\routes\\models\\cart.js","statementMap":{"0":{"start":{"line":1,"column":17},"end":{"line":1,"column":36}},"1":{"start":{"line":4,"column":19},"end":{"line":15,"column":24}},"2":{"start":{"line":18,"column":13},"end":{"line":18,"column":47}},"3":{"start":{"line":19,"column":0},"end":{"line":19,"column":22}}},"fnMap":{},"branchMap":{},"s":{"0":4,"1":4,"2":4,"3":4},"f":{},"b":{},"_coverageSchema":"1a1c01bbd47fc00a2c39e90264f33305004495a9","hash":"4a406f24f8ffbfabf6806936b75030f644c41ffb"}
,"D:\\mary\\AI\\sw2-main-main (1)\\sw2-main-main\\sw2-main\\routes\\models\\products.js": {"path":"D:\\mary\\AI\\sw2-main-main (1)\\sw2-main-main\\sw2-main\\routes\\models\\products.js","statementMap":{"0":{"start":{"line":1,"column":17},"end":{"line":1,"column":36}},"1":{"start":{"line":3,"column":22},"end":{"line":9,"column":2}},"2":{"start":{"line":12,"column":0},"end":{"line":12,"column":58}}},"fnMap":{},"branchMap":{},"s":{"0":4,"1":4,"2":4},"f":{},"b":{},"_coverageSchema":"1a1c01bbd47fc00a2c39e90264f33305004495a9","hash":"072040a8bf5250e7da34f347624ce8bc59b9fc64"}
,"D:\\mary\\AI\\sw2-main-main (1)\\sw2-main-main\\sw2-main\\routes\\models\\users.js": {"path":"D:\\mary\\AI\\sw2-main-main (1)\\sw2-main-main\\sw2-main\\routes\\models\\users.js","statementMap":{"0":{"start":{"line":1,"column":17},"end":{"line":1,"column":36}},"1":{"start":{"line":2,"column":15},"end":{"line":2,"column":32}},"2":{"start":{"line":4,"column":19},"end":{"line":27,"column":2}},"3":{"start":{"line":31,"column":0},"end":{"line":33,"column":2}},"4":{"start":{"line":32,"column":2},"end":{"line":32,"column":64}},"5":{"start":{"line":35,"column":0},"end":{"line":35,"column":52}}},"fnMap":{"0":{"name":"(anonymous_0)","decl":{"start":{"line":31,"column":37},"end":{"line":31,"column":38}},"loc":{"start":{"line":31,"column":72},"end":{"line":33,"column":1}},"line":31}},"branchMap":{},"s":{"0":5,"1":5,"2":5,"3":5,"4":2,"5":5},"f":{"0":2},"b":{},"_coverageSchema":"1a1c01bbd47fc00a2c39e90264f33305004495a9","hash":"aff3b6984a8babf247761e65b58f69721c9a0f67"}
,"D:\\mary\\AI\\sw2-main-main (1)\\sw2-main-main\\sw2-main\\routes\\services\\authService.js": {"path":"D:\\mary\\AI\\sw2-main-main (1)\\sw2-main-main\\sw2-main\\routes\\services\\authService.js","statementMap":{"0":{"start":{"line":2,"column":15},"end":{"line":2,"column":34}},"1":{"start":{"line":3,"column":12},"end":{"line":3,"column":35}},"2":{"start":{"line":4,"column":13},"end":{"line":4,"column":39}},"3":{"start":{"line":7,"column":23},"end":{"line":7,"column":52}},"4":{"start":{"line":8,"column":2},"end":{"line":8,"column":59}},"5":{"start":{"line":8,"column":20},"end":{"line":8,"column":59}},"6":{"start":{"line":10,"column":25},"end":{"line":10,"column":56}},"7":{"start":{"line":11,"column":18},"end":{"line":11,"column":76}},"8":{"start":{"line":12,"column":2},"end":{"line":12,"column":23}},"9":{"start":{"line":13,"column":2},"end":{"line":13,"column":40}},"10":{"start":{"line":17,"column":15},"end":{"line":17,"column":44}},"11":{"start":{"line":18,"column":2},"end":{"line":18,"column":47}},"12":{"start":{"line":18,"column":13},"end":{"line":18,"column":47}},"13":{"start":{"line":20,"column":18},"end":{"line":20,"column":63}},"14":{"start":{"line":21,"column":2},"end":{"line":21,"column":55}},"15":{"start":{"line":21,"column":16},"end":{"line":21,"column":55}},"16":{"start":{"line":23,"column":2},"end":{"line":30,"column":3}},"17":{"start":{"line":24,"column":4},"end":{"line":26,"column":5}},"18":{"start":{"line":25,"column":6},"end":{"line":25,"column":48}},"19":{"start":{"line":28,"column":18},"end":{"line":28,"column":104}},"20":{"start":{"line":29,"column":4},"end":{"line":29,"column":85}},"21":{"start":{"line":32,"column":16},"end":{"line":32,"column":101}},"22":{"start":{"line":33,"column":2},"end":{"line":33,"column":89}},"23":{"start":{"line":36,"column":0},"end":{"line":36,"column":45}}},"fnMap":{"0":{"name":"registerUser","decl":{"start":{"line":6,"column":15},"end":{"line":6,"column":27}},"loc":{"start":{"line":6,"column":62},"end":{"line":14,"column":1}},"line":6},"1":{"name":"loginUser","decl":{"start":{"line":16,"column":15},"end":{"line":16,"column":24}},"loc":{"start":{"line":16,"column":46},"end":{"line":34,"column":1}},"line":16}},"branchMap":{"0":{"loc":{"start":{"line":8,"column":2},"end":{"line":8,"column":59}},"type":"if","locations":[{"start":{"line":8,"column":2},"end":{"line":8,"column":59}},{"start":{},"end":{}}],"line":8},"1":{"loc":{"start":{"line":18,"column":2},"end":{"line":18,"column":47}},"type":"if","locations":[{"start":{"line":18,"column":2},"end":{"line":18,"column":47}},{"start":{},"end":{}}],"line":18},"2":{"loc":{"start":{"line":21,"column":2},"end":{"line":21,"column":55}},"type":"if","locations":[{"start":{"line":21,"column":2},"end":{"line":21,"column":55}},{"start":{},"end":{}}],"line":21},"3":{"loc":{"start":{"line":23,"column":2},"end":{"line":30,"column":3}},"type":"if","locations":[{"start":{"line":23,"column":2},"end":{"line":30,"column":3}},{"start":{},"end":{}}],"line":23},"4":{"loc":{"start":{"line":24,"column":4},"end":{"line":26,"column":5}},"type":"if","locations":[{"start":{"line":24,"column":4},"end":{"line":26,"column":5}},{"start":{},"end":{}}],"line":24}},"s":{"0":1,"1":1,"2":1,"3":2,"4":2,"5":1,"6":1,"7":1,"8":1,"9":1,"10":5,"11":5,"12":1,"13":4,"14":4,"15":1,"16":3,"17":2,"18":1,"19":1,"20":1,"21":1,"22":1,"23":1},"f":{"0":2,"1":5},"b":{"0":[1,1],"1":[1,4],"2":[1,3],"3":[2,1],"4":[1,1]},"_coverageSchema":"1a1c01bbd47fc00a2c39e90264f33305004495a9","hash":"003394f2d5db0e60aed202d84304b599a3871305"}
,"D:\\mary\\AI\\sw2-main-main (1)\\sw2-main-main\\sw2-main\\routes\\services\\cartService.js": {"path":"D:\\mary\\AI\\sw2-main-main (1)\\sw2-main-main\\sw2-main\\routes\\services\\cartService.js","statementMap":{"0":{"start":{"line":1,"column":17},"end":{"line":1,"column":36}},"1":{"start":{"line":2,"column":13},"end":{"line":2,"column":38}},"2":{"start":{"line":5,"column":2},"end":{"line":7,"column":3}},"3":{"start":{"line":6,"column":4},"end":{"line":6,"column":48}},"4":{"start":{"line":9,"column":13},"end":{"line":9,"column":80}},"5":{"start":{"line":11,"column":2},"end":{"line":35,"column":3}},"6":{"start":{"line":12,"column":4},"end":{"line":21,"column":7}},"7":{"start":{"line":23,"column":25},"end":{"line":23,"column":89}},"8":{"start":{"line":23,"column":49},"end":{"line":23,"column":88}},"9":{"start":{"line":24,"column":4},"end":{"line":34,"column":5}},"10":{"start":{"line":25,"column":6},"end":{"line":25,"column":33}},"11":{"start":{"line":27,"column":6},"end":{"line":33,"column":9}},"12":{"start":{"line":37,"column":2},"end":{"line":37,"column":20}},"13":{"start":{"line":38,"column":2},"end":{"line":38,"column":14}},"14":{"start":{"line":42,"column":15},"end":{"line":42,"column":82}},"15":{"start":{"line":43,"column":2},"end":{"line":43,"column":31}},"16":{"start":{"line":47,"column":15},"end":{"line":47,"column":82}},"17":{"start":{"line":48,"column":2},"end":{"line":48,"column":60}},"18":{"start":{"line":48,"column":13},"end":{"line":48,"column":60}},"19":{"start":{"line":50,"column":2},"end":{"line":50,"column":82}},"20":{"start":{"line":50,"column":41},"end":{"line":50,"column":80}},"21":{"start":{"line":51,"column":2},"end":{"line":51,"column":20}},"22":{"start":{"line":52,"column":2},"end":{"line":52,"column":14}},"23":{"start":{"line":55,"column":0},"end":{"line":59,"column":2}}},"fnMap":{"0":{"name":"addToCart","decl":{"start":{"line":4,"column":15},"end":{"line":4,"column":24}},"loc":{"start":{"line":4,"column":89},"end":{"line":39,"column":1}},"line":4},"1":{"name":"(anonymous_1)","decl":{"start":{"line":23,"column":41},"end":{"line":23,"column":42}},"loc":{"start":{"line":23,"column":49},"end":{"line":23,"column":88}},"line":23},"2":{"name":"getCart","decl":{"start":{"line":41,"column":15},"end":{"line":41,"column":22}},"loc":{"start":{"line":41,"column":31},"end":{"line":44,"column":1}},"line":41},"3":{"name":"removeFromCart","decl":{"start":{"line":46,"column":15},"end":{"line":46,"column":29}},"loc":{"start":{"line":46,"column":49},"end":{"line":53,"column":1}},"line":46},"4":{"name":"(anonymous_4)","decl":{"start":{"line":50,"column":33},"end":{"line":50,"column":34}},"loc":{"start":{"line":50,"column":41},"end":{"line":50,"column":80}},"line":50}},"branchMap":{"0":{"loc":{"start":{"line":5,"column":2},"end":{"line":7,"column":3}},"type":"if","locations":[{"start":{"line":5,"column":2},"end":{"line":7,"column":3}},{"start":{},"end":{}}],"line":5},"1":{"loc":{"start":{"line":5,"column":6},"end":{"line":5,"column":77}},"type":"binary-expr","locations":[{"start":{"line":5,"column":6},"end":{"line":5,"column":13}},{"start":{"line":5,"column":17},"end":{"line":5,"column":27}},{"start":{"line":5,"column":31},"end":{"line":5,"column":43}},{"start":{"line":5,"column":47},"end":{"line":5,"column":60}},{"start":{"line":5,"column":64},"end":{"line":5,"column":77}}],"line":5},"2":{"loc":{"start":{"line":11,"column":2},"end":{"line":35,"column":3}},"type":"if","locations":[{"start":{"line":11,"column":2},"end":{"line":35,"column":3}},{"start":{"line":22,"column":9},"end":{"line":35,"column":3}}],"line":11},"3":{"loc":{"start":{"line":24,"column":4},"end":{"line":34,"column":5}},"type":"if","locations":[{"start":{"line":24,"column":4},"end":{"line":34,"column":5}},{"start":{"line":26,"column":11},"end":{"line":34,"column":5}}],"line":24},"4":{"loc":{"start":{"line":43,"column":9},"end":{"line":43,"column":30}},"type":"binary-expr","locations":[{"start":{"line":43,"column":9},"end":{"line":43,"column":13}},{"start":{"line":43,"column":17},"end":{"line":43,"column":30}}],"line":43},"5":{"loc":{"start":{"line":48,"column":2},"end":{"line":48,"column":60}},"type":"if","locations":[{"start":{"line":48,"column":2},"end":{"line":48,"column":60}},{"start":{},"end":{}}],"line":48}},"s":{"0":3,"1":3,"2":4,"3":1,"4":3,"5":3,"6":1,"7":2,"8":1,"9":2,"10":1,"11":1,"12":3,"13":3,"14":2,"15":2,"16":2,"17":2,"18":1,"19":1,"20":1,"21":1,"22":1,"23":3},"f":{"0":4,"1":1,"2":2,"3":2,"4":1},"b":{"0":[1,3],"1":[4,3,3,3,3],"2":[1,2],"3":[1,1],"4":[2,1],"5":[1,1]},"_coverageSchema":"1a1c01bbd47fc00a2c39e90264f33305004495a9","hash":"e393d47609ecab0bf9db3ac69621bf4a9b2d9ef1"}
,"D:\\mary\\AI\\sw2-main-main (1)\\sw2-main-main\\sw2-main\\routes\\services\\cart_total_salary.js": {"path":"D:\\mary\\AI\\sw2-main-main (1)\\sw2-main-main\\sw2-main\\routes\\services\\cart_total_salary.js","statementMap":{"0":{"start":{"line":2,"column":2},"end":{"line":4,"column":8}},"1":{"start":{"line":3,"column":4},"end":{"line":3,"column":55}},"2":{"start":{"line":7,"column":0},"end":{"line":9,"column":2}}},"fnMap":{"0":{"name":"calculateTotalPrice","decl":{"start":{"line":1,"column":9},"end":{"line":1,"column":28}},"loc":{"start":{"line":1,"column":40},"end":{"line":5,"column":1}},"line":1},"1":{"name":"(anonymous_1)","decl":{"start":{"line":2,"column":26},"end":{"line":2,"column":27}},"loc":{"start":{"line":2,"column":43},"end":{"line":4,"column":3}},"line":2}},"branchMap":{},"s":{"0":4,"1":6,"2":1},"f":{"0":4,"1":6},"b":{},"_coverageSchema":"1a1c01bbd47fc00a2c39e90264f33305004495a9","hash":"0f6989f914e89b483da3185ef4ae6b2db1a2ff15"}
}
