TN:
SF:app.js
FN:19,(anonymous_0)
FN:30,(anonymous_1)
FN:45,(anonymous_2)
FN:50,(anonymous_3)
FN:55,(anonymous_4)
FNF:5
FNH:5
FNDA:8,(anonymous_0)
FNDA:8,(anonymous_1)
FNDA:3,(anonymous_2)
FNDA:1,(anonymous_3)
FNDA:1,(anonymous_4)
DA:2,1
DA:3,1
DA:4,1
DA:5,1
DA:6,1
DA:7,1
DA:9,1
DA:11,1
DA:14,1
DA:15,1
DA:16,1
DA:19,1
DA:20,8
DA:26,8
DA:30,1
DA:31,8
DA:32,8
DA:36,1
DA:37,1
DA:40,1
DA:41,1
DA:42,1
DA:45,1
DA:46,3
DA:50,1
DA:51,1
DA:55,1
DA:56,1
DA:59,1
LF:29
LH:29
BRF:0
BRH:0
end_of_record
TN:
SF:auth.js
FN:19,(anonymous_0)
FN:65,(anonymous_1)
FNF:2
FNH:2
FNDA:8,(anonymous_0)
FNDA:5,(anonymous_1)
DA:1,2
DA:2,2
DA:3,2
DA:4,2
DA:5,2
DA:6,2
DA:7,2
DA:8,2
DA:11,2
DA:19,2
DA:20,8
DA:21,8
DA:23,8
DA:24,1
DA:27,7
DA:34,1
DA:37,6
DA:38,6
DA:39,1
DA:42,5
DA:44,5
DA:52,5
DA:54,4
DA:56,4
DA:59,1
DA:60,1
DA:65,2
DA:66,5
DA:67,5
DA:69,5
DA:70,4
DA:71,1
DA:74,3
DA:75,3
DA:76,1
DA:79,2
DA:80,2
DA:82,2
DA:89,1
DA:90,1
DA:94,2
LF:41
LH:41
BRDA:23,0,0,1
BRDA:23,0,1,7
BRDA:23,1,0,8
BRDA:23,1,1,7
BRDA:27,2,0,1
BRDA:27,2,1,6
BRDA:28,3,0,7
BRDA:28,3,1,6
BRDA:28,3,2,6
BRDA:28,3,3,6
BRDA:28,3,4,6
BRDA:38,4,0,1
BRDA:38,4,1,5
BRDA:70,5,0,1
BRDA:70,5,1,3
BRDA:75,6,0,1
BRDA:75,6,1,2
BRDA:79,7,0,1
BRDA:79,7,1,1
BRF:19
BRH:19
end_of_record
TN:
SF:cartRoute.js
FN:5,(anonymous_0)
FN:14,(anonymous_1)
FN:23,(anonymous_2)
FNF:3
FNH:3
FNDA:2,(anonymous_0)
FNDA:2,(anonymous_1)
FNDA:2,(anonymous_2)
DA:1,2
DA:2,2
DA:3,2
DA:5,2
DA:6,2
DA:7,2
DA:8,1
DA:10,1
DA:14,2
DA:15,2
DA:16,2
DA:17,1
DA:19,1
DA:23,2
DA:24,2
DA:25,2
DA:26,1
DA:28,1
DA:32,2
LF:19
LH:19
BRF:0
BRH:0
end_of_record
TN:
SF:product.js
FN:10,(anonymous_0)
FN:13,(anonymous_1)
FN:23,(anonymous_2)
FN:45,(anonymous_3)
FN:56,(anonymous_4)
FN:86,(anonymous_5)
FNF:6
FNH:6
FNDA:2,(anonymous_0)
FNDA:2,(anonymous_1)
FNDA:3,(anonymous_2)
FNDA:2,(anonymous_3)
FNDA:4,(anonymous_4)
FNDA:3,(anonymous_5)
DA:2,2
DA:3,2
DA:4,2
DA:5,2
DA:6,2
DA:9,2
DA:11,2
DA:14,2
DA:15,2
DA:16,2
DA:20,2
DA:23,2
DA:24,3
DA:25,3
DA:26,3
DA:28,3
DA:36,3
DA:37,2
DA:39,1
DA:40,1
DA:45,2
DA:46,2
DA:47,2
DA:48,1
DA:50,1
DA:51,1
DA:56,2
DA:57,4
DA:58,4
DA:59,4
DA:62,4
DA:63,4
DA:64,1
DA:68,4
DA:74,3
DA:75,1
DA:78,2
DA:80,1
DA:81,1
DA:86,2
DA:87,3
DA:88,3
DA:89,2
DA:90,1
DA:92,1
DA:94,1
DA:95,1
DA:99,2
LF:48
LH:48
BRDA:26,0,0,1
BRDA:26,0,1,2
BRDA:59,1,0,1
BRDA:59,1,1,3
BRDA:63,2,0,1
BRDA:63,2,1,3
BRDA:74,3,0,1
BRDA:74,3,1,2
BRDA:89,4,0,1
BRDA:89,4,1,1
BRF:10
BRH:10
end_of_record
TN:
SF:middlewares\authMiddleware.js
FN:4,(anonymous_0)
FN:28,(anonymous_1)
FN:29,(anonymous_2)
FNF:3
FNH:3
FNDA:10,(anonymous_0)
FNDA:3,(anonymous_1)
FNDA:4,(anonymous_2)
DA:1,2
DA:4,2
DA:5,10
DA:8,10
DA:9,2
DA:12,8
DA:14,8
DA:15,8
DA:16,7
DA:17,1
DA:20,6
DA:21,6
DA:23,1
DA:28,2
DA:29,3
DA:30,4
DA:31,2
DA:33,2
DA:37,2
LF:19
LH:19
BRDA:8,0,0,2
BRDA:8,0,1,8
BRDA:8,1,0,10
BRDA:8,1,1,8
BRDA:16,2,0,1
BRDA:16,2,1,6
BRDA:16,3,0,7
BRDA:16,3,1,7
BRDA:30,4,0,2
BRDA:30,4,1,2
BRF:10
BRH:10
end_of_record
TN:
SF:models\Admin.js
FN:10,(anonymous_0)
FNF:1
FNH:1
FNDA:3,(anonymous_0)
DA:1,1
DA:2,1
DA:4,1
DA:10,1
DA:11,3
DA:12,2
DA:13,2
DA:16,1
LF:8
LH:8
BRDA:11,0,0,1
BRDA:11,0,1,2
BRF:2
BRH:2
end_of_record
TN:
SF:models\cart.js
FNF:0
FNH:0
DA:1,4
DA:4,4
DA:18,4
DA:19,4
LF:4
LH:4
BRF:0
BRH:0
end_of_record
TN:
SF:models\products.js
FNF:0
FNH:0
DA:1,4
DA:3,4
DA:12,4
LF:3
LH:3
BRF:0
BRH:0
end_of_record
TN:
SF:models\users.js
FN:31,(anonymous_0)
FNF:1
FNH:1
FNDA:2,(anonymous_0)
DA:1,5
DA:2,5
DA:4,5
DA:31,5
DA:32,2
DA:35,5
LF:6
LH:6
BRF:0
BRH:0
end_of_record
TN:
SF:services\authService.js
FN:6,registerUser
FN:16,loginUser
FNF:2
FNH:2
FNDA:2,registerUser
FNDA:5,loginUser
DA:2,1
DA:3,1
DA:4,1
DA:7,2
DA:8,2
DA:10,1
DA:11,1
DA:12,1
DA:13,1
DA:17,5
DA:18,5
DA:20,4
DA:21,4
DA:23,3
DA:24,2
DA:25,1
DA:28,1
DA:29,1
DA:32,1
DA:33,1
DA:36,1
LF:21
LH:21
BRDA:8,0,0,1
BRDA:8,0,1,1
BRDA:18,1,0,1
BRDA:18,1,1,4
BRDA:21,2,0,1
BRDA:21,2,1,3
BRDA:23,3,0,2
BRDA:23,3,1,1
BRDA:24,4,0,1
BRDA:24,4,1,1
BRF:10
BRH:10
end_of_record
TN:
SF:services\cartService.js
FN:4,addToCart
FN:23,(anonymous_1)
FN:41,getCart
FN:46,removeFromCart
FN:50,(anonymous_4)
FNF:5
FNH:5
FNDA:4,addToCart
FNDA:1,(anonymous_1)
FNDA:2,getCart
FNDA:2,removeFromCart
FNDA:1,(anonymous_4)
DA:1,3
DA:2,3
DA:5,4
DA:6,1
DA:9,3
DA:11,3
DA:12,1
DA:23,2
DA:24,2
DA:25,1
DA:27,1
DA:37,3
DA:38,3
DA:42,2
DA:43,2
DA:47,2
DA:48,2
DA:50,1
DA:51,1
DA:52,1
DA:55,3
LF:21
LH:21
BRDA:5,0,0,1
BRDA:5,0,1,3
BRDA:5,1,0,4
BRDA:5,1,1,3
BRDA:5,1,2,3
BRDA:5,1,3,3
BRDA:5,1,4,3
BRDA:11,2,0,1
BRDA:11,2,1,2
BRDA:24,3,0,1
BRDA:24,3,1,1
BRDA:43,4,0,2
BRDA:43,4,1,1
BRDA:48,5,0,1
BRDA:48,5,1,1
BRF:15
BRH:15
end_of_record
TN:
SF:services\cart_total_salary.js
FN:1,calculateTotalPrice
FN:2,(anonymous_1)
FNF:2
FNH:2
FNDA:4,calculateTotalPrice
FNDA:6,(anonymous_1)
DA:2,4
DA:3,6
DA:7,1
LF:3
LH:3
BRF:0
BRH:0
end_of_record
